  LineMgr.cpp
C:\Users\admin\Desktop\수업\쥬신\TeamProject\second\LineEditor\Header\Define.h(29,1): warning C4005: 'VK_SCROLL': 매크로 재정의
C:\Program Files (x86)\Windows Kits\10\Include\10.0.18362.0\um\winuser.h(614): message : 'VK_SCROLL'의 이전 정의를 참조하십시오.
C:\Users\admin\Desktop\수업\쥬신\TeamProject\second\LineEditor\Editor\LineMgr.cpp(24,20): warning C4244: '=': 'float'에서 'DWORD'(으)로 변환하면서 데이터가 손실될 수 있습니다.
C:\Users\admin\Desktop\수업\쥬신\TeamProject\second\LineEditor\Editor\LineMgr.cpp(25,20): warning C4244: '=': 'float'에서 'DWORD'(으)로 변환하면서 데이터가 손실될 수 있습니다.
C:\Users\admin\Desktop\수업\쥬신\TeamProject\second\LineEditor\Editor\LineMgr.cpp(26,20): warning C4244: '=': 'float'에서 'DWORD'(으)로 변환하면서 데이터가 손실될 수 있습니다.
C:\Users\admin\Desktop\수업\쥬신\TeamProject\second\LineEditor\Editor\LineMgr.cpp(177,24): warning C4244: '=': 'LONG'에서 'float'(으)로 변환하면서 데이터가 손실될 수 있습니다.
C:\Users\admin\Desktop\수업\쥬신\TeamProject\second\LineEditor\Editor\LineMgr.cpp(178,24): warning C4244: '=': 'LONG'에서 'float'(으)로 변환하면서 데이터가 손실될 수 있습니다.
C:\Users\admin\Desktop\수업\쥬신\TeamProject\second\LineEditor\Editor\LineMgr.cpp(184,24): warning C4244: '=': 'LONG'에서 'float'(으)로 변환하면서 데이터가 손실될 수 있습니다.
C:\Users\admin\Desktop\수업\쥬신\TeamProject\second\LineEditor\Editor\LineMgr.cpp(185,24): warning C4244: '=': 'LONG'에서 'float'(으)로 변환하면서 데이터가 손실될 수 있습니다.
C:\Users\admin\Desktop\수업\쥬신\TeamProject\second\LineEditor\Editor\LineMgr.cpp(196,37): warning C4244: '=': 'float'에서 'LONG'(으)로 변환하면서 데이터가 손실될 수 있습니다.
C:\Users\admin\Desktop\수업\쥬신\TeamProject\second\LineEditor\Editor\LineMgr.cpp(197,38): warning C4244: '=': 'float'에서 'LONG'(으)로 변환하면서 데이터가 손실될 수 있습니다.
C:\Users\admin\Desktop\수업\쥬신\TeamProject\second\LineEditor\Editor\LineMgr.cpp(198,36): warning C4244: '=': 'float'에서 'LONG'(으)로 변환하면서 데이터가 손실될 수 있습니다.
C:\Users\admin\Desktop\수업\쥬신\TeamProject\second\LineEditor\Editor\LineMgr.cpp(199,39): warning C4244: '=': 'float'에서 'LONG'(으)로 변환하면서 데이터가 손실될 수 있습니다.
C:\Users\admin\Desktop\수업\쥬신\TeamProject\second\LineEditor\Editor\LineMgr.cpp(203,55): warning C4244: '=': 'float'에서 'LONG'(으)로 변환하면서 데이터가 손실될 수 있습니다.
C:\Users\admin\Desktop\수업\쥬신\TeamProject\second\LineEditor\Editor\LineMgr.cpp(204,55): warning C4244: '=': 'float'에서 'LONG'(으)로 변환하면서 데이터가 손실될 수 있습니다.
C:\Users\admin\Desktop\수업\쥬신\TeamProject\second\LineEditor\Editor\LineMgr.cpp(333,21): warning C4244: '=': 'LONG'에서 'float'(으)로 변환하면서 데이터가 손실될 수 있습니다.
C:\Users\admin\Desktop\수업\쥬신\TeamProject\second\LineEditor\Editor\LineMgr.cpp(334,21): warning C4244: '=': 'LONG'에서 'float'(으)로 변환하면서 데이터가 손실될 수 있습니다.
C:\Users\admin\Desktop\수업\쥬신\TeamProject\second\LineEditor\Editor\LineMgr.cpp(522,11): warning C4244: '초기화 중': 'long'에서 'float'(으)로 변환하면서 데이터가 손실될 수 있습니다.
C:\Users\admin\Desktop\수업\쥬신\TeamProject\second\LineEditor\Editor\LineMgr.cpp(523,67): warning C4244: '=': 'float'에서 'LONG'(으)로 변환하면서 데이터가 손실될 수 있습니다.
C:\Users\admin\Desktop\수업\쥬신\TeamProject\second\LineEditor\Editor\LineMgr.cpp(524,68): warning C4244: '=': 'float'에서 'LONG'(으)로 변환하면서 데이터가 손실될 수 있습니다.
  Editor.vcxproj -> C:\Users\admin\Desktop\수업\쥬신\TeamProject\second\LineEditor\Debug\Editor.exe
