d:\유준환\124기\frame124\frame124\debug\frame124.pch
d:\유준환\124기\frame124\frame124\debug\vc140.pdb
d:\유준환\124기\frame124\frame124\debug\vc140.idb
d:\유준환\124기\frame124\frame124\debug\stdafx.obj
d:\유준환\124기\frame124\frame124\debug\bullet.obj
d:\유준환\124기\frame124\frame124\debug\frame124.obj
d:\유준환\124기\frame124\frame124\debug\maingame.obj
d:\유준환\124기\frame124\frame124\debug\monster.obj
d:\유준환\124기\frame124\frame124\debug\mouse.obj
d:\유준환\124기\frame124\frame124\debug\obj.obj
d:\유준환\124기\frame124\frame124\debug\player.obj
d:\유준환\124기\frame124\frame124\debug\collisionmgr.obj
d:\유준환\124기\frame124\frame124\debug\shield.obj
d:\유준환\124기\frame124\frame124\debug\screwbullet.obj
d:\유준환\124기\frame124\debug\frame124.ilk
d:\유준환\124기\frame124\debug\frame124.exe
d:\유준환\124기\frame124\debug\frame124.pdb
d:\유준환\124기\frame124\frame124\debug\frame124.res
d:\유준환\124기\frame124\frame124\debug\frame124.tlog\cl.command.1.tlog
d:\유준환\124기\frame124\frame124\debug\frame124.tlog\cl.read.1.tlog
d:\유준환\124기\frame124\frame124\debug\frame124.tlog\cl.write.1.tlog
d:\유준환\124기\frame124\frame124\debug\frame124.tlog\link.command.1.tlog
d:\유준환\124기\frame124\frame124\debug\frame124.tlog\link.read.1.tlog
d:\유준환\124기\frame124\frame124\debug\frame124.tlog\link.write.1.tlog
d:\유준환\124기\frame124\frame124\debug\frame124.tlog\rc.command.1.tlog
d:\유준환\124기\frame124\frame124\debug\frame124.tlog\rc.read.1.tlog
d:\유준환\124기\frame124\frame124\debug\frame124.tlog\rc.write.1.tlog
